2025-08-21 06:50:03 | INFO | 🤖 Бот запускается...
2025-08-21 06:50:04 | INFO | СООБЩЕНИЕ | ID: 1131137764 | Имя: 🎩Скользкая🎩 | @Ks4n0ne | Текст: /start
2025-08-21 06:50:04 | INFO | КОМАНДА | ID: 1131137764 | @Ks4n0ne | /start
2025-08-21 06:50:21 | INFO | СООБЩЕНИЕ | ID: 468689491 | Имя: ㅤ | @stikxX | Текст: /start
2025-08-21 06:50:21 | INFO | КОМАНДА | ID: 468689491 | @stikxX | /start
2025-08-21 06:50:24 | INFO | INLINE КНОПКА | ID: 468689491 | Имя: ㅤ | @stikxX | Данные: reg_event
2025-08-21 06:50:24 | INFO | КНОПКА | ID: 468689491 | @stikxX | Данные: reg_event | Контекст: начало регистрации события...
2025-08-21 06:50:24 | INFO | 🔄 REVEST | ID: 468689491 | @stikxX | registration_start: пользователь начал регистрацию события
2025-08-21 06:50:24 | INFO | 🔄 REVEST | ID: 468689491 | @stikxX | registration_prompt: запрос ника пользователя
2025-08-21 06:50:35 | INFO | СООБЩЕНИЕ | ID: 468689491 | Имя: ㅤ | @stikxX | Текст: Ya_pianitca
2025-08-21 06:50:37 | INFO | INLINE КНОПКА | ID: 468689491 | Имя: ㅤ | @stikxX | Данные: new
2025-08-21 06:50:37 | INFO | КНОПКА | ID: 468689491 | @stikxX | Данные: new
2025-08-21 06:51:32 | INFO | 🛑 Бот остановлен
2025-08-21 06:51:32 | INFO | ⏹️ Бот остановлен пользователем
2025-08-21 06:52:34 | INFO | 🤖 Бот запускается...
2025-08-21 06:53:08 | INFO | СООБЩЕНИЕ | ID: 468689491 | Имя: ㅤ | @stikxX | Текст: /start
2025-08-21 06:53:09 | INFO | КОМАНДА | ID: 468689491 | @stikxX | /start
2025-08-21 06:53:11 | INFO | INLINE КНОПКА | ID: 468689491 | Имя: ㅤ | @stikxX | Данные: reg_event
2025-08-21 06:53:11 | INFO | КНОПКА | ID: 468689491 | @stikxX | Данные: reg_event | Контекст: начало регистрации события...
2025-08-21 06:53:11 | INFO | 🔄 REVEST | ID: 468689491 | @stikxX | registration_start: пользователь начал регистрацию события
2025-08-21 06:53:12 | INFO | 🔄 REVEST | ID: 468689491 | @stikxX | registration_prompt: запрос ника пользователя
2025-08-21 06:53:27 | INFO | СООБЩЕНИЕ | ID: 468689491 | Имя: ㅤ | @stikxX | Текст: Ya_pianitca
2025-08-21 06:53:29 | INFO | INLINE КНОПКА | ID: 468689491 | Имя: ㅤ | @stikxX | Данные: new
2025-08-21 06:53:29 | INFO | КНОПКА | ID: 468689491 | @stikxX | Данные: new
2025-08-21 06:53:40 | INFO | 🛑 Бот остановлен
2025-08-21 06:53:40 | INFO | ⏹️ Бот остановлен пользователем
2025-08-22 13:20:04 | INFO | 🤖 Бот запускается...
2025-08-22 13:20:04 | INFO | СООБЩЕНИЕ | ID: 1131137764 | Имя: 🎩Скользкая🎩 | @Ks4n0ne | Текст: /start
2025-08-22 13:20:05 | INFO | КОМАНДА | ID: 1131137764 | @Ks4n0ne | /start
2025-08-22 13:20:33 | INFO | СООБЩЕНИЕ | ID: 7257839461 | Имя: Zheng Jeka | @V1ncyd | Текст: /start
2025-08-22 13:20:34 | INFO | КОМАНДА | ID: 7257839461 | @V1ncyd | /start
2025-08-22 13:20:35 | INFO | INLINE КНОПКА | ID: 7257839461 | Имя: Zheng Jeka | @V1ncyd | Данные: reg_event
2025-08-22 13:20:35 | INFO | КНОПКА | ID: 7257839461 | @V1ncyd | Данные: reg_event | Контекст: начало регистрации события...
2025-08-22 13:20:35 | INFO | 🔄 REVEST | ID: 7257839461 | @V1ncyd | registration_start: пользователь начал регистрацию события
2025-08-22 13:20:35 | INFO | 🔄 REVEST | ID: 7257839461 | @V1ncyd | registration_prompt: запрос ника пользователя
2025-08-22 13:20:45 | INFO | СООБЩЕНИЕ | ID: 7257839461 | Имя: Zheng Jeka | @V1ncyd | Текст: Zheng_Zheka
2025-08-22 13:20:51 | INFO | INLINE КНОПКА | ID: 7257839461 | Имя: Zheng Jeka | @V1ncyd | Данные: new
2025-08-22 13:20:51 | INFO | КНОПКА | ID: 7257839461 | @V1ncyd | Данные: new
2025-08-22 14:28:30 | INFO | СООБЩЕНИЕ | ID: 5672993107 | Имя: kdhebxhz | @beIix | Текст: /start
2025-08-22 14:28:30 | INFO | КОМАНДА | ID: 5672993107 | @beIix | /start
2025-08-22 14:28:33 | INFO | INLINE КНОПКА | ID: 5672993107 | Имя: kdhebxhz | @beIix | Данные: reg_event
2025-08-22 14:28:33 | INFO | КНОПКА | ID: 5672993107 | @beIix | Данные: reg_event | Контекст: начало регистрации события...
2025-08-22 14:28:33 | INFO | 🔄 REVEST | ID: 5672993107 | @beIix | registration_start: пользователь начал регистрацию события
2025-08-22 14:28:33 | INFO | 🔄 REVEST | ID: 5672993107 | @beIix | registration_prompt: запрос ника пользователя
2025-08-22 14:30:06 | INFO | СООБЩЕНИЕ | ID: 5672993107 | Имя: kdhebxhz | @beIix | Текст: BubleGum16
2025-08-22 14:30:08 | INFO | INLINE КНОПКА | ID: 5672993107 | Имя: kdhebxhz | @beIix | Данные: new
2025-08-22 14:30:08 | INFO | КНОПКА | ID: 5672993107 | @beIix | Данные: new
2025-08-22 14:30:29 | INFO | INLINE КНОПКА | ID: 5672993107 | Имя: kdhebxhz | @beIix | Данные: new
2025-08-22 14:30:29 | INFO | КНОПКА | ID: 5672993107 | @beIix | Данные: new
2025-08-22 14:31:47 | INFO | INLINE КНОПКА | ID: 5672993107 | Имя: kdhebxhz | @beIix | Данные: new
2025-08-22 14:31:47 | INFO | КНОПКА | ID: 5672993107 | @beIix | Данные: new
2025-08-22 14:32:08 | INFO | СООБЩЕНИЕ | ID: 5672993107 | Имя: kdhebxhz | @beIix | Текст: /start
2025-08-22 14:32:08 | INFO | КОМАНДА | ID: 5672993107 | @beIix | /start
2025-08-22 14:32:11 | INFO | INLINE КНОПКА | ID: 5672993107 | Имя: kdhebxhz | @beIix | Данные: reg_event
2025-08-22 14:32:11 | INFO | КНОПКА | ID: 5672993107 | @beIix | Данные: reg_event | Контекст: начало регистрации события...
2025-08-22 14:32:11 | INFO | 🔄 REVEST | ID: 5672993107 | @beIix | registration_start: пользователь начал регистрацию события
2025-08-22 14:32:12 | INFO | 🔄 REVEST | ID: 5672993107 | @beIix | registration_prompt: запрос ника пользователя
2025-08-22 14:32:15 | INFO | СООБЩЕНИЕ | ID: 5672993107 | Имя: kdhebxhz | @beIix | Текст: BubleGum16
2025-08-22 14:32:16 | INFO | INLINE КНОПКА | ID: 5672993107 | Имя: kdhebxhz | @beIix | Данные: new
2025-08-22 14:32:16 | INFO | КНОПКА | ID: 5672993107 | @beIix | Данные: new
2025-08-22 14:36:10 | INFO | СООБЩЕНИЕ | ID: 468689491 | Имя: ㅤ | @stikxX | Текст: /start
2025-08-22 14:36:10 | INFO | КОМАНДА | ID: 468689491 | @stikxX | /start
2025-08-22 14:36:21 | INFO | INLINE КНОПКА | ID: 5672993107 | Имя: kdhebxhz | @beIix | Данные: new
2025-08-22 14:36:21 | INFO | КНОПКА | ID: 5672993107 | @beIix | Данные: new
2025-08-22 14:39:46 | INFO | INLINE КНОПКА | ID: 5672993107 | Имя: kdhebxhz | @beIix | Данные: new
2025-08-22 14:39:46 | INFO | КНОПКА | ID: 5672993107 | @beIix | Данные: new
2025-08-22 14:43:17 | INFO | СООБЩЕНИЕ | ID: 468689491 | Имя: ㅤ | @stikxX | Текст: /start
2025-08-22 14:43:17 | INFO | КОМАНДА | ID: 468689491 | @stikxX | /start
2025-08-22 14:43:18 | INFO | INLINE КНОПКА | ID: 468689491 | Имя: ㅤ | @stikxX | Данные: reg_event
2025-08-22 14:43:18 | INFO | КНОПКА | ID: 468689491 | @stikxX | Данные: reg_event | Контекст: начало регистрации события...
2025-08-22 14:43:18 | INFO | 🔄 REVEST | ID: 468689491 | @stikxX | registration_start: пользователь начал регистрацию события
2025-08-22 14:43:18 | INFO | 🔄 REVEST | ID: 468689491 | @stikxX | registration_prompt: запрос ника пользователя
2025-08-22 14:43:28 | INFO | СООБЩЕНИЕ | ID: 468689491 | Имя: ㅤ | @stikxX | Текст: BubleGum16
2025-08-22 14:43:29 | INFO | INLINE КНОПКА | ID: 468689491 | Имя: ㅤ | @stikxX | Данные: new
2025-08-22 14:43:29 | INFO | КНОПКА | ID: 468689491 | @stikxX | Данные: new
2025-08-22 14:43:50 | INFO | INLINE КНОПКА | ID: 468689491 | Имя: ㅤ | @stikxX | Данные: new
2025-08-22 14:43:50 | INFO | КНОПКА | ID: 468689491 | @stikxX | Данные: new
2025-08-22 14:44:11 | INFO | 🛑 Бот остановлен
2025-08-22 14:44:12 | INFO | ⏹️ Бот остановлен пользователем
